<?xml version="1.0" encoding="UTF-8"?>
<!-- Generated by org.testng.reporters.JUnitReportReporter -->
<testsuite hostname="SHREYA-EVEAKRN" failures="0" tests="33" name="runners.TestRunners" time="709.851" errors="0" timestamp="2025-08-31T16:52:19 IST" skipped="0">
  <testcase classname="runners.TestRunners" name="runScenario" time="21.835"/>
  <testcase classname="runners.TestRunners" name="runScenario" time="16.049"/>
  <testcase classname="runners.TestRunners" name="runScenario" time="31.362"/>
  <testcase classname="runners.TestRunners" name="runScenario" time="16.446"/>
  <testcase classname="runners.TestRunners" name="runScenario" time="15.046"/>
  <testcase classname="runners.TestRunners" name="runScenario" time="36.619"/>
  <testcase classname="runners.TestRunners" name="runScenario" time="20.106"/>
  <testcase classname="runners.TestRunners" name="runScenario" time="22.409"/>
  <testcase classname="runners.TestRunners" name="runScenario" time="15.865"/>
  <testcase classname="runners.TestRunners" name="runScenario" time="15.409"/>
  <testcase classname="runners.TestRunners" name="runScenario" time="25.565"/>
  <testcase classname="runners.TestRunners" name="runScenario" time="19.673"/>
  <testcase classname="runners.TestRunners" name="runScenario" time="13.273"/>
  <testcase classname="runners.TestRunners" name="runScenario" time="20.622"/>
  <testcase classname="runners.TestRunners" name="runScenario" time="11.408"/>
  <testcase classname="runners.TestRunners" name="runScenario" time="24.087"/>
  <testcase classname="runners.TestRunners" name="runScenario" time="16.822"/>
  <testcase classname="runners.TestRunners" name="runScenario" time="33.444"/>
  <testcase classname="runners.TestRunners" name="runScenario" time="20.153"/>
  <testcase classname="runners.TestRunners" name="runScenario" time="23.237"/>
  <testcase classname="runners.TestRunners" name="runScenario" time="14.404"/>
  <testcase classname="runners.TestRunners" name="runScenario" time="14.802"/>
  <testcase classname="runners.TestRunners" name="runScenario" time="10.651"/>
  <testcase classname="runners.TestRunners" name="runScenario" time="24.394"/>
  <testcase classname="runners.TestRunners" name="runScenario" time="14.019"/>
  <testcase classname="runners.TestRunners" name="runScenario" time="32.991"/>
  <testcase classname="runners.TestRunners" name="runScenario" time="12.926"/>
  <testcase classname="runners.TestRunners" name="runScenario" time="15.389"/>
  <testcase classname="runners.TestRunners" name="runScenario" time="27.715"/>
  <testcase classname="runners.TestRunners" name="runScenario" time="38.228"/>
  <testcase classname="runners.TestRunners" name="runScenario" time="25.479"/>
  <testcase classname="runners.TestRunners" name="runScenario" time="25.802"/>
  <testcase classname="runners.TestRunners" name="runScenario" time="33.621"/>
</testsuite> <!-- runners.TestRunners -->
